<?xml version="1.0" encoding="UTF-8"?>
<!-- Generated by org.testng.reporters.JUnitReportReporter -->
<testsuite hostname="DESKTOP-U20OT6U" failures="0" tests="1" name="mobileTesting.Appium.LongPress" time="14.408" errors="0" timestamp="2023-03-04T15:33:45 IST" skipped="0">
  <testcase classname="mobileTesting.Appium.LongPress" name="appiumTest" time="14.408"/>
  <system-out/>
</testsuite> <!-- mobileTesting.Appium.LongPress -->
